2025-01-18 21:51:54.112 | INFO     | utils.utils_logger:<module>:38 - Logging to file: logs\project_log.log
2025-01-18 21:51:54.112 | INFO     | __main__:main:103 - START producer.
2025-01-18 21:51:54.112 | INFO     | utils.utils_producer:get_zookeeper_address:57 - Zookeeper address: localhost:2181
2025-01-18 21:51:54.151 | INFO     | utils.utils_producer:check_zookeeper_service_is_ready:79 - Zookeeper is ready at localhost:2181.
2025-01-18 21:51:54.151 | INFO     | utils.utils_producer:get_kafka_broker_address:50 - Kafka broker address: localhost:9092
2025-01-18 21:51:56.383 | ERROR    | utils.utils_producer:check_kafka_service_is_ready:102 - Error checking Kafka: NodeNotReadyError
2025-01-18 21:51:56.383 | ERROR    | utils.utils_producer:verify_services:121 - Kafka broker is not ready. Please check your Kafka setup. Exiting...
2025-01-22 13:31:53.302 | INFO     | utils.utils_logger:<module>:38 - Logging to file: logs\project_log.log
2025-01-22 13:31:53.302 | INFO     | __main__:main:103 - START producer.
2025-01-22 13:31:53.302 | INFO     | utils.utils_producer:get_zookeeper_address:57 - Zookeeper address: localhost:2181
2025-01-22 13:31:57.415 | ERROR    | utils.utils_producer:check_zookeeper_service_is_ready:82 - Error checking Zookeeper readiness: [WinError 10061] No connection could be made because the target machine actively refused it
2025-01-22 13:31:57.415 | ERROR    | utils.utils_producer:verify_services:114 - Zookeeper is not ready. Please check your Zookeeper setup. Exiting...
2025-01-22 13:38:13.769 | INFO     | utils.utils_logger:<module>:38 - Logging to file: logs\project_log.log
2025-01-22 13:38:13.769 | INFO     | __main__:main:103 - START producer.
2025-01-22 13:38:13.769 | INFO     | utils.utils_producer:get_zookeeper_address:57 - Zookeeper address: localhost:2181
2025-01-22 13:38:13.831 | INFO     | utils.utils_producer:check_zookeeper_service_is_ready:79 - Zookeeper is ready at localhost:2181.
2025-01-22 13:38:13.847 | INFO     | utils.utils_producer:get_kafka_broker_address:50 - Kafka broker address: localhost:9092
2025-01-22 13:38:16.086 | ERROR    | utils.utils_producer:check_kafka_service_is_ready:102 - Error checking Kafka: NodeNotReadyError
2025-01-22 13:38:16.086 | ERROR    | utils.utils_producer:verify_services:121 - Kafka broker is not ready. Please check your Kafka setup. Exiting...
2025-01-23 10:22:51.317 | INFO     | utils.utils_logger:<module>:38 - Logging to file: logs\project_log.log
2025-01-23 10:22:51.326 | INFO     | __main__:main:103 - START producer.
2025-01-23 10:22:51.326 | INFO     | utils.utils_producer:get_zookeeper_address:57 - Zookeeper address: localhost:2181
2025-01-23 10:22:51.366 | INFO     | utils.utils_producer:check_zookeeper_service_is_ready:79 - Zookeeper is ready at localhost:2181.
2025-01-23 10:22:51.367 | INFO     | utils.utils_producer:get_kafka_broker_address:50 - Kafka broker address: localhost:9092
2025-01-23 10:22:53.391 | ERROR    | utils.utils_producer:check_kafka_service_is_ready:102 - Error checking Kafka: NoBrokersAvailable
2025-01-23 10:22:53.391 | ERROR    | utils.utils_producer:verify_services:121 - Kafka broker is not ready. Please check your Kafka setup. Exiting...
2025-01-23 10:24:31.213 | INFO     | utils.utils_logger:<module>:38 - Logging to file: logs\project_log.log
2025-01-23 10:24:31.213 | INFO     | __main__:main:78 - START consumer.
2025-01-23 10:24:31.213 | INFO     | __main__:get_kafka_topic:35 - Kafka topic: buzzline
2025-01-23 10:24:31.213 | INFO     | __main__:get_kafka_consumer_group_id:42 - Kafka consumer group id: default_group
2025-01-23 10:24:31.213 | INFO     | __main__:main:83 - Consumer: Topic 'buzzline' and group 'default_group'...
2025-01-23 10:24:31.213 | INFO     | utils.utils_producer:get_kafka_broker_address:50 - Kafka broker address: localhost:9092
2025-01-23 10:24:31.213 | INFO     | utils.utils_consumer:create_kafka_consumer:44 - Creating Kafka consumer. Topic='buzzline' and group ID='default_group'.
2025-01-23 10:24:33.253 | ERROR    | utils.utils_consumer:create_kafka_consumer:60 - Error creating Kafka consumer: NoBrokersAvailable
2025-01-23 12:01:14.038 | INFO     | utils.utils_logger:<module>:38 - Logging to file: logs\project_log.log
2025-01-23 12:01:14.054 | INFO     | __main__:main:103 - START producer.
2025-01-23 12:01:14.054 | INFO     | utils.utils_producer:get_zookeeper_address:57 - Zookeeper address: localhost:2181
2025-01-23 12:01:14.102 | INFO     | utils.utils_producer:check_zookeeper_service_is_ready:79 - Zookeeper is ready at localhost:2181.
2025-01-23 12:01:14.103 | INFO     | utils.utils_producer:get_kafka_broker_address:50 - Kafka broker address: localhost:9092
2025-01-23 12:01:16.348 | ERROR    | utils.utils_producer:check_kafka_service_is_ready:102 - Error checking Kafka: NodeNotReadyError
2025-01-23 12:01:16.348 | ERROR    | utils.utils_producer:verify_services:121 - Kafka broker is not ready. Please check your Kafka setup. Exiting...
2025-01-23 12:01:33.770 | INFO     | utils.utils_logger:<module>:38 - Logging to file: logs\project_log.log
2025-01-23 12:01:33.785 | INFO     | __main__:main:78 - START consumer.
2025-01-23 12:01:33.785 | INFO     | __main__:get_kafka_topic:35 - Kafka topic: buzzline
2025-01-23 12:01:33.785 | INFO     | __main__:get_kafka_consumer_group_id:42 - Kafka consumer group id: default_group
2025-01-23 12:01:33.791 | INFO     | __main__:main:83 - Consumer: Topic 'buzzline' and group 'default_group'...
2025-01-23 12:01:33.791 | INFO     | utils.utils_producer:get_kafka_broker_address:50 - Kafka broker address: localhost:9092
2025-01-23 12:01:33.792 | INFO     | utils.utils_consumer:create_kafka_consumer:44 - Creating Kafka consumer. Topic='buzzline' and group ID='default_group'.
2025-01-23 12:01:33.922 | INFO     | utils.utils_consumer:create_kafka_consumer:57 - Kafka consumer created successfully.
2025-01-23 12:01:33.922 | INFO     | __main__:main:89 - Polling messages from topic 'buzzline'...
2025-01-24 09:08:07.974 | INFO     | utils.utils_logger:<module>:38 - Logging to file: logs\project_log.log
2025-01-24 09:08:07.974 | INFO     | __main__:main:103 - START producer.
2025-01-24 09:08:07.974 | INFO     | utils.utils_producer:get_zookeeper_address:57 - Zookeeper address: localhost:2181
2025-01-24 09:08:08.091 | INFO     | utils.utils_producer:check_zookeeper_service_is_ready:79 - Zookeeper is ready at localhost:2181.
2025-01-24 09:08:08.093 | INFO     | utils.utils_producer:get_kafka_broker_address:50 - Kafka broker address: localhost:9092
2025-01-24 09:08:08.460 | INFO     | utils.utils_producer:check_kafka_service_is_ready:98 - Kafka is ready. Brokers: {'throttle_time_ms': 0, 'brokers': [{'node_id': 0, 'host': 'localhost', 'port': 9092, 'rack': None}], 'cluster_id': 'eHwf7guBTFKr4nChXUnGqA', 'controller_id': 0}
2025-01-24 09:08:08.460 | INFO     | __main__:get_kafka_topic:41 - Kafka topic: buzzline
2025-01-24 09:08:08.460 | INFO     | __main__:get_message_interval:48 - Message interval: 1 seconds
2025-01-24 09:08:08.460 | INFO     | utils.utils_producer:get_kafka_broker_address:50 - Kafka broker address: localhost:9092
2025-01-24 09:08:08.460 | INFO     | utils.utils_producer:create_kafka_producer:146 - Connecting to Kafka broker at localhost:9092...
2025-01-24 09:08:08.588 | INFO     | utils.utils_producer:create_kafka_producer:151 - Kafka producer successfully created.
2025-01-24 09:08:08.590 | INFO     | utils.utils_producer:get_kafka_broker_address:50 - Kafka broker address: localhost:9092
2025-01-24 09:08:08.930 | INFO     | utils.utils_producer:create_kafka_topic:172 - Topic 'buzzline' already exists. Clearing it out...
2025-01-24 09:08:08.930 | INFO     | utils.utils_producer:get_kafka_broker_address:50 - Kafka broker address: localhost:9092
2025-01-24 09:08:09.345 | ERROR    | utils.utils_producer:clear_kafka_topic:235 - Error managing retention for topic 'buzzline': list indices must be integers or slices, not ConfigResource
2025-01-24 09:08:09.345 | INFO     | __main__:main:119 - Kafka topic 'buzzline' is ready.
2025-01-24 09:08:09.345 | INFO     | __main__:main:125 - Starting message production to topic 'buzzline'...
2025-01-24 09:08:09.345 | INFO     | __main__:generate_messages:77 - Generated buzz: I love Python!
2025-01-24 09:08:09.345 | INFO     | __main__:generate_messages:79 - Sent message to topic 'buzzline': I love Python!
2025-01-24 09:08:10.354 | INFO     | __main__:generate_messages:77 - Generated buzz: Kafka is awesome.
2025-01-24 09:08:10.354 | INFO     | __main__:generate_messages:79 - Sent message to topic 'buzzline': Kafka is awesome.
2025-01-24 09:08:11.357 | INFO     | __main__:generate_messages:77 - Generated buzz: Streaming data is fun.
2025-01-24 09:08:11.358 | INFO     | __main__:generate_messages:79 - Sent message to topic 'buzzline': Streaming data is fun.
2025-01-24 09:08:12.361 | INFO     | __main__:generate_messages:77 - Generated buzz: This is a buzz message.
2025-01-24 09:08:12.362 | INFO     | __main__:generate_messages:79 - Sent message to topic 'buzzline': This is a buzz message.
2025-01-24 09:08:13.363 | INFO     | __main__:generate_messages:77 - Generated buzz: Have a great day!
2025-01-24 09:08:13.363 | INFO     | __main__:generate_messages:79 - Sent message to topic 'buzzline': Have a great day!
2025-01-24 09:08:14.366 | INFO     | __main__:generate_messages:77 - Generated buzz: I love Python!
2025-01-24 09:08:14.367 | INFO     | __main__:generate_messages:79 - Sent message to topic 'buzzline': I love Python!
2025-01-24 09:08:15.369 | INFO     | __main__:generate_messages:77 - Generated buzz: Kafka is awesome.
2025-01-24 09:08:15.369 | INFO     | __main__:generate_messages:79 - Sent message to topic 'buzzline': Kafka is awesome.
2025-01-24 09:08:16.371 | INFO     | __main__:generate_messages:77 - Generated buzz: Streaming data is fun.
2025-01-24 09:08:16.372 | INFO     | __main__:generate_messages:79 - Sent message to topic 'buzzline': Streaming data is fun.
2025-01-24 09:08:17.374 | INFO     | __main__:generate_messages:77 - Generated buzz: This is a buzz message.
2025-01-24 09:08:17.376 | INFO     | __main__:generate_messages:79 - Sent message to topic 'buzzline': This is a buzz message.
2025-01-24 09:08:18.377 | INFO     | __main__:generate_messages:77 - Generated buzz: Have a great day!
2025-01-24 09:08:18.377 | INFO     | __main__:generate_messages:79 - Sent message to topic 'buzzline': Have a great day!
2025-01-24 09:08:19.380 | INFO     | __main__:generate_messages:77 - Generated buzz: I love Python!
2025-01-24 09:08:19.385 | INFO     | __main__:generate_messages:79 - Sent message to topic 'buzzline': I love Python!
2025-01-24 09:08:20.388 | INFO     | __main__:generate_messages:77 - Generated buzz: Kafka is awesome.
2025-01-24 09:08:20.390 | INFO     | __main__:generate_messages:79 - Sent message to topic 'buzzline': Kafka is awesome.
2025-01-24 09:08:21.394 | INFO     | __main__:generate_messages:77 - Generated buzz: Streaming data is fun.
2025-01-24 09:08:21.394 | INFO     | __main__:generate_messages:79 - Sent message to topic 'buzzline': Streaming data is fun.
2025-01-24 09:08:22.396 | INFO     | __main__:generate_messages:77 - Generated buzz: This is a buzz message.
2025-01-24 09:08:22.396 | INFO     | __main__:generate_messages:79 - Sent message to topic 'buzzline': This is a buzz message.
2025-01-24 09:08:23.398 | INFO     | __main__:generate_messages:77 - Generated buzz: Have a great day!
2025-01-24 09:08:23.398 | INFO     | __main__:generate_messages:79 - Sent message to topic 'buzzline': Have a great day!
2025-01-24 09:08:24.401 | INFO     | __main__:generate_messages:77 - Generated buzz: I love Python!
2025-01-24 09:08:24.401 | INFO     | __main__:generate_messages:79 - Sent message to topic 'buzzline': I love Python!
2025-01-24 09:08:25.404 | INFO     | __main__:generate_messages:77 - Generated buzz: Kafka is awesome.
2025-01-24 09:08:25.406 | INFO     | __main__:generate_messages:79 - Sent message to topic 'buzzline': Kafka is awesome.
2025-01-24 09:08:26.411 | INFO     | __main__:generate_messages:77 - Generated buzz: Streaming data is fun.
2025-01-24 09:08:26.411 | INFO     | __main__:generate_messages:79 - Sent message to topic 'buzzline': Streaming data is fun.
2025-01-24 09:08:27.415 | INFO     | __main__:generate_messages:77 - Generated buzz: This is a buzz message.
2025-01-24 09:08:27.415 | INFO     | __main__:generate_messages:79 - Sent message to topic 'buzzline': This is a buzz message.
2025-01-24 09:08:28.418 | INFO     | __main__:generate_messages:77 - Generated buzz: Have a great day!
2025-01-24 09:08:28.418 | INFO     | __main__:generate_messages:79 - Sent message to topic 'buzzline': Have a great day!
2025-01-24 09:08:29.446 | INFO     | __main__:generate_messages:77 - Generated buzz: I love Python!
2025-01-24 09:08:29.462 | INFO     | __main__:generate_messages:79 - Sent message to topic 'buzzline': I love Python!
2025-01-24 09:08:30.470 | INFO     | __main__:generate_messages:77 - Generated buzz: Kafka is awesome.
2025-01-24 09:08:30.470 | INFO     | __main__:generate_messages:79 - Sent message to topic 'buzzline': Kafka is awesome.
2025-01-24 09:08:31.476 | INFO     | __main__:generate_messages:77 - Generated buzz: Streaming data is fun.
2025-01-24 09:08:31.476 | INFO     | __main__:generate_messages:79 - Sent message to topic 'buzzline': Streaming data is fun.
2025-01-24 09:08:32.480 | INFO     | __main__:generate_messages:77 - Generated buzz: This is a buzz message.
2025-01-24 09:08:32.480 | INFO     | __main__:generate_messages:79 - Sent message to topic 'buzzline': This is a buzz message.
2025-01-24 09:08:33.483 | INFO     | __main__:generate_messages:77 - Generated buzz: Have a great day!
2025-01-24 09:08:33.483 | INFO     | __main__:generate_messages:79 - Sent message to topic 'buzzline': Have a great day!
2025-01-24 09:08:34.486 | INFO     | __main__:generate_messages:77 - Generated buzz: I love Python!
2025-01-24 09:08:34.486 | INFO     | __main__:generate_messages:79 - Sent message to topic 'buzzline': I love Python!
2025-01-24 09:08:35.488 | INFO     | __main__:generate_messages:77 - Generated buzz: Kafka is awesome.
2025-01-24 09:08:35.489 | INFO     | __main__:generate_messages:79 - Sent message to topic 'buzzline': Kafka is awesome.
2025-01-24 09:08:36.492 | INFO     | __main__:generate_messages:77 - Generated buzz: Streaming data is fun.
2025-01-24 09:08:36.492 | INFO     | __main__:generate_messages:79 - Sent message to topic 'buzzline': Streaming data is fun.
2025-01-24 09:08:37.502 | INFO     | __main__:generate_messages:77 - Generated buzz: This is a buzz message.
2025-01-24 09:08:37.502 | INFO     | __main__:generate_messages:79 - Sent message to topic 'buzzline': This is a buzz message.
2025-01-24 09:08:38.508 | INFO     | __main__:generate_messages:77 - Generated buzz: Have a great day!
2025-01-24 09:08:38.508 | INFO     | __main__:generate_messages:79 - Sent message to topic 'buzzline': Have a great day!
2025-01-24 09:08:39.510 | INFO     | __main__:generate_messages:77 - Generated buzz: I love Python!
2025-01-24 09:08:39.511 | INFO     | __main__:generate_messages:79 - Sent message to topic 'buzzline': I love Python!
2025-01-24 09:08:40.513 | INFO     | __main__:generate_messages:77 - Generated buzz: Kafka is awesome.
2025-01-24 09:08:40.513 | INFO     | __main__:generate_messages:79 - Sent message to topic 'buzzline': Kafka is awesome.
2025-01-24 09:08:41.516 | INFO     | __main__:generate_messages:77 - Generated buzz: Streaming data is fun.
2025-01-24 09:08:41.516 | INFO     | __main__:generate_messages:79 - Sent message to topic 'buzzline': Streaming data is fun.
2025-01-24 09:08:42.537 | INFO     | __main__:generate_messages:77 - Generated buzz: This is a buzz message.
2025-01-24 09:08:42.545 | INFO     | __main__:generate_messages:79 - Sent message to topic 'buzzline': This is a buzz message.
2025-01-24 09:08:43.562 | INFO     | __main__:generate_messages:77 - Generated buzz: Have a great day!
2025-01-24 09:08:43.562 | INFO     | __main__:generate_messages:79 - Sent message to topic 'buzzline': Have a great day!
2025-01-24 09:08:44.568 | INFO     | __main__:generate_messages:77 - Generated buzz: I love Python!
2025-01-24 09:08:44.568 | INFO     | __main__:generate_messages:79 - Sent message to topic 'buzzline': I love Python!
2025-01-24 09:08:45.571 | INFO     | __main__:generate_messages:77 - Generated buzz: Kafka is awesome.
2025-01-24 09:08:45.577 | INFO     | __main__:generate_messages:79 - Sent message to topic 'buzzline': Kafka is awesome.
2025-01-24 09:08:46.581 | INFO     | __main__:generate_messages:77 - Generated buzz: Streaming data is fun.
2025-01-24 09:08:46.598 | INFO     | __main__:generate_messages:79 - Sent message to topic 'buzzline': Streaming data is fun.
2025-01-24 09:08:47.609 | INFO     | __main__:generate_messages:77 - Generated buzz: This is a buzz message.
2025-01-24 09:08:47.616 | INFO     | __main__:generate_messages:79 - Sent message to topic 'buzzline': This is a buzz message.
2025-01-24 09:08:48.623 | INFO     | __main__:generate_messages:77 - Generated buzz: Have a great day!
2025-01-24 09:08:48.623 | INFO     | __main__:generate_messages:79 - Sent message to topic 'buzzline': Have a great day!
2025-01-24 09:08:49.631 | INFO     | __main__:generate_messages:77 - Generated buzz: I love Python!
2025-01-24 09:08:49.631 | INFO     | __main__:generate_messages:79 - Sent message to topic 'buzzline': I love Python!
2025-01-24 09:08:50.641 | INFO     | __main__:generate_messages:77 - Generated buzz: Kafka is awesome.
2025-01-24 09:08:50.641 | INFO     | __main__:generate_messages:79 - Sent message to topic 'buzzline': Kafka is awesome.
2025-01-24 09:08:51.644 | INFO     | __main__:generate_messages:77 - Generated buzz: Streaming data is fun.
2025-01-24 09:08:51.648 | INFO     | __main__:generate_messages:79 - Sent message to topic 'buzzline': Streaming data is fun.
2025-01-24 09:08:52.662 | INFO     | __main__:generate_messages:77 - Generated buzz: This is a buzz message.
2025-01-24 09:08:52.662 | INFO     | __main__:generate_messages:79 - Sent message to topic 'buzzline': This is a buzz message.
2025-01-24 09:08:53.676 | INFO     | __main__:generate_messages:77 - Generated buzz: Have a great day!
2025-01-24 09:08:53.676 | INFO     | __main__:generate_messages:79 - Sent message to topic 'buzzline': Have a great day!
2025-01-24 09:08:54.682 | INFO     | __main__:generate_messages:77 - Generated buzz: I love Python!
2025-01-24 09:08:54.684 | INFO     | __main__:generate_messages:79 - Sent message to topic 'buzzline': I love Python!
2025-01-24 09:08:55.687 | INFO     | __main__:generate_messages:77 - Generated buzz: Kafka is awesome.
2025-01-24 09:08:55.687 | INFO     | __main__:generate_messages:79 - Sent message to topic 'buzzline': Kafka is awesome.
2025-01-24 09:08:56.693 | INFO     | __main__:generate_messages:77 - Generated buzz: Streaming data is fun.
2025-01-24 09:08:56.693 | INFO     | __main__:generate_messages:79 - Sent message to topic 'buzzline': Streaming data is fun.
2025-01-24 09:08:57.701 | INFO     | __main__:generate_messages:77 - Generated buzz: This is a buzz message.
2025-01-24 09:08:57.701 | INFO     | __main__:generate_messages:79 - Sent message to topic 'buzzline': This is a buzz message.
2025-01-24 09:08:58.704 | INFO     | __main__:generate_messages:77 - Generated buzz: Have a great day!
2025-01-24 09:08:58.704 | INFO     | __main__:generate_messages:79 - Sent message to topic 'buzzline': Have a great day!
2025-01-24 09:08:59.707 | INFO     | __main__:generate_messages:77 - Generated buzz: I love Python!
2025-01-24 09:08:59.707 | INFO     | __main__:generate_messages:79 - Sent message to topic 'buzzline': I love Python!
2025-01-24 09:09:00.711 | INFO     | __main__:generate_messages:77 - Generated buzz: Kafka is awesome.
2025-01-24 09:09:00.711 | INFO     | __main__:generate_messages:79 - Sent message to topic 'buzzline': Kafka is awesome.
2025-01-24 09:09:01.715 | INFO     | __main__:generate_messages:77 - Generated buzz: Streaming data is fun.
2025-01-24 09:09:01.715 | INFO     | __main__:generate_messages:79 - Sent message to topic 'buzzline': Streaming data is fun.
2025-01-24 09:09:02.718 | INFO     | __main__:generate_messages:77 - Generated buzz: This is a buzz message.
2025-01-24 09:09:02.718 | INFO     | __main__:generate_messages:79 - Sent message to topic 'buzzline': This is a buzz message.
2025-01-24 09:09:03.720 | INFO     | __main__:generate_messages:77 - Generated buzz: Have a great day!
2025-01-24 09:09:03.721 | INFO     | __main__:generate_messages:79 - Sent message to topic 'buzzline': Have a great day!
2025-01-24 09:09:04.725 | INFO     | __main__:generate_messages:77 - Generated buzz: I love Python!
2025-01-24 09:09:04.725 | INFO     | __main__:generate_messages:79 - Sent message to topic 'buzzline': I love Python!
2025-01-24 09:09:05.728 | INFO     | __main__:generate_messages:77 - Generated buzz: Kafka is awesome.
2025-01-24 09:09:05.728 | INFO     | __main__:generate_messages:79 - Sent message to topic 'buzzline': Kafka is awesome.
2025-01-24 09:09:06.730 | INFO     | __main__:generate_messages:77 - Generated buzz: Streaming data is fun.
2025-01-24 09:09:06.731 | INFO     | __main__:generate_messages:79 - Sent message to topic 'buzzline': Streaming data is fun.
2025-01-24 09:09:07.734 | INFO     | __main__:generate_messages:77 - Generated buzz: This is a buzz message.
2025-01-24 09:09:07.734 | INFO     | __main__:generate_messages:79 - Sent message to topic 'buzzline': This is a buzz message.
2025-01-24 09:09:08.737 | INFO     | __main__:generate_messages:77 - Generated buzz: Have a great day!
2025-01-24 09:09:08.737 | INFO     | __main__:generate_messages:79 - Sent message to topic 'buzzline': Have a great day!
2025-01-24 09:09:09.746 | INFO     | __main__:generate_messages:77 - Generated buzz: I love Python!
2025-01-24 09:09:09.747 | INFO     | __main__:generate_messages:79 - Sent message to topic 'buzzline': I love Python!
2025-01-24 09:09:10.751 | INFO     | __main__:generate_messages:77 - Generated buzz: Kafka is awesome.
2025-01-24 09:09:10.776 | INFO     | __main__:generate_messages:79 - Sent message to topic 'buzzline': Kafka is awesome.
2025-01-24 09:09:11.786 | INFO     | __main__:generate_messages:77 - Generated buzz: Streaming data is fun.
2025-01-24 09:09:11.786 | INFO     | __main__:generate_messages:79 - Sent message to topic 'buzzline': Streaming data is fun.
2025-01-24 09:09:12.796 | INFO     | __main__:generate_messages:77 - Generated buzz: This is a buzz message.
2025-01-24 09:09:12.796 | INFO     | __main__:generate_messages:79 - Sent message to topic 'buzzline': This is a buzz message.
2025-01-24 09:09:13.801 | INFO     | __main__:generate_messages:77 - Generated buzz: Have a great day!
2025-01-24 09:09:13.806 | INFO     | __main__:generate_messages:79 - Sent message to topic 'buzzline': Have a great day!
2025-01-24 09:09:14.810 | INFO     | __main__:generate_messages:77 - Generated buzz: I love Python!
2025-01-24 09:09:14.813 | INFO     | __main__:generate_messages:79 - Sent message to topic 'buzzline': I love Python!
2025-01-24 09:09:15.819 | INFO     | __main__:generate_messages:77 - Generated buzz: Kafka is awesome.
2025-01-24 09:09:15.823 | INFO     | __main__:generate_messages:79 - Sent message to topic 'buzzline': Kafka is awesome.
2025-01-24 09:09:16.855 | INFO     | __main__:generate_messages:77 - Generated buzz: Streaming data is fun.
2025-01-24 09:09:16.868 | INFO     | __main__:generate_messages:79 - Sent message to topic 'buzzline': Streaming data is fun.
2025-01-24 09:09:17.870 | INFO     | __main__:generate_messages:77 - Generated buzz: This is a buzz message.
2025-01-24 09:09:17.875 | INFO     | __main__:generate_messages:79 - Sent message to topic 'buzzline': This is a buzz message.
2025-01-24 09:09:18.878 | INFO     | __main__:generate_messages:77 - Generated buzz: Have a great day!
2025-01-24 09:09:18.878 | INFO     | __main__:generate_messages:79 - Sent message to topic 'buzzline': Have a great day!
2025-01-24 09:09:19.883 | INFO     | __main__:generate_messages:77 - Generated buzz: I love Python!
2025-01-24 09:09:19.886 | INFO     | __main__:generate_messages:79 - Sent message to topic 'buzzline': I love Python!
2025-01-24 09:09:20.890 | INFO     | __main__:generate_messages:77 - Generated buzz: Kafka is awesome.
2025-01-24 09:09:20.890 | INFO     | __main__:generate_messages:79 - Sent message to topic 'buzzline': Kafka is awesome.
2025-01-24 09:09:21.893 | INFO     | __main__:generate_messages:77 - Generated buzz: Streaming data is fun.
2025-01-24 09:09:21.893 | INFO     | __main__:generate_messages:79 - Sent message to topic 'buzzline': Streaming data is fun.
2025-01-24 09:09:22.897 | INFO     | __main__:generate_messages:77 - Generated buzz: This is a buzz message.
2025-01-24 09:09:22.897 | INFO     | __main__:generate_messages:79 - Sent message to topic 'buzzline': This is a buzz message.
2025-01-24 09:09:23.902 | INFO     | __main__:generate_messages:77 - Generated buzz: Have a great day!
2025-01-24 09:09:23.904 | INFO     | __main__:generate_messages:79 - Sent message to topic 'buzzline': Have a great day!
2025-01-24 09:09:24.906 | INFO     | __main__:generate_messages:77 - Generated buzz: I love Python!
2025-01-24 09:09:24.906 | INFO     | __main__:generate_messages:79 - Sent message to topic 'buzzline': I love Python!
2025-01-24 09:09:25.909 | INFO     | __main__:generate_messages:77 - Generated buzz: Kafka is awesome.
2025-01-24 09:09:25.910 | INFO     | __main__:generate_messages:79 - Sent message to topic 'buzzline': Kafka is awesome.
2025-01-24 09:09:26.911 | INFO     | __main__:generate_messages:77 - Generated buzz: Streaming data is fun.
2025-01-24 09:09:26.913 | INFO     | __main__:generate_messages:79 - Sent message to topic 'buzzline': Streaming data is fun.
2025-01-24 09:09:27.916 | INFO     | __main__:generate_messages:77 - Generated buzz: This is a buzz message.
2025-01-24 09:09:27.917 | INFO     | __main__:generate_messages:79 - Sent message to topic 'buzzline': This is a buzz message.
2025-01-24 09:09:28.920 | INFO     | __main__:generate_messages:77 - Generated buzz: Have a great day!
2025-01-24 09:09:28.923 | INFO     | __main__:generate_messages:79 - Sent message to topic 'buzzline': Have a great day!
2025-01-24 09:09:29.925 | INFO     | __main__:generate_messages:77 - Generated buzz: I love Python!
2025-01-24 09:09:29.925 | INFO     | __main__:generate_messages:79 - Sent message to topic 'buzzline': I love Python!
2025-01-24 09:09:30.927 | INFO     | __main__:generate_messages:77 - Generated buzz: Kafka is awesome.
2025-01-24 09:09:30.934 | INFO     | __main__:generate_messages:79 - Sent message to topic 'buzzline': Kafka is awesome.
2025-01-24 09:09:31.936 | INFO     | __main__:generate_messages:77 - Generated buzz: Streaming data is fun.
2025-01-24 09:09:31.936 | INFO     | __main__:generate_messages:79 - Sent message to topic 'buzzline': Streaming data is fun.
2025-01-24 09:09:32.939 | INFO     | __main__:generate_messages:77 - Generated buzz: This is a buzz message.
2025-01-24 09:09:32.939 | INFO     | __main__:generate_messages:79 - Sent message to topic 'buzzline': This is a buzz message.
2025-01-24 09:09:33.943 | INFO     | __main__:generate_messages:77 - Generated buzz: Have a great day!
2025-01-24 09:09:33.943 | INFO     | __main__:generate_messages:79 - Sent message to topic 'buzzline': Have a great day!
2025-01-24 09:09:34.953 | INFO     | __main__:generate_messages:77 - Generated buzz: I love Python!
2025-01-24 09:09:34.953 | INFO     | __main__:generate_messages:79 - Sent message to topic 'buzzline': I love Python!
2025-01-24 09:09:35.956 | INFO     | __main__:generate_messages:77 - Generated buzz: Kafka is awesome.
2025-01-24 09:09:35.956 | INFO     | __main__:generate_messages:79 - Sent message to topic 'buzzline': Kafka is awesome.
2025-01-24 09:09:36.961 | INFO     | __main__:generate_messages:77 - Generated buzz: Streaming data is fun.
2025-01-24 09:09:36.961 | INFO     | __main__:generate_messages:79 - Sent message to topic 'buzzline': Streaming data is fun.
2025-01-24 09:09:37.324 | INFO     | utils.utils_logger:<module>:38 - Logging to file: logs\project_log.log
2025-01-24 09:09:37.341 | INFO     | __main__:main:78 - START consumer.
2025-01-24 09:09:37.350 | INFO     | __main__:get_kafka_topic:35 - Kafka topic: buzzline
2025-01-24 09:09:37.352 | INFO     | __main__:get_kafka_consumer_group_id:42 - Kafka consumer group id: default_group
2025-01-24 09:09:37.355 | INFO     | __main__:main:83 - Consumer: Topic 'buzzline' and group 'default_group'...
2025-01-24 09:09:37.357 | INFO     | utils.utils_producer:get_kafka_broker_address:50 - Kafka broker address: localhost:9092
2025-01-24 09:09:37.362 | INFO     | utils.utils_consumer:create_kafka_consumer:44 - Creating Kafka consumer. Topic='buzzline' and group ID='default_group'.
2025-01-24 09:09:37.562 | INFO     | utils.utils_consumer:create_kafka_consumer:57 - Kafka consumer created successfully.
2025-01-24 09:09:37.562 | INFO     | __main__:main:89 - Polling messages from topic 'buzzline'...
2025-01-24 09:09:37.597 | ERROR    | __main__:main:98 - Error while consuming messages: Invalid file descriptor: -1
2025-01-24 09:09:37.607 | INFO     | __main__:main:101 - Kafka consumer for topic 'buzzline' closed.
2025-01-24 09:09:37.607 | INFO     | __main__:main:103 - END consumer for topic 'buzzline' and group 'default_group'.
2025-01-24 09:09:37.966 | INFO     | __main__:generate_messages:77 - Generated buzz: This is a buzz message.
2025-01-24 09:09:37.970 | INFO     | __main__:generate_messages:79 - Sent message to topic 'buzzline': This is a buzz message.
2025-01-24 09:09:38.972 | INFO     | __main__:generate_messages:77 - Generated buzz: Have a great day!
2025-01-24 09:09:38.975 | INFO     | __main__:generate_messages:79 - Sent message to topic 'buzzline': Have a great day!
2025-01-24 09:09:39.977 | INFO     | __main__:generate_messages:77 - Generated buzz: I love Python!
2025-01-24 09:09:39.992 | INFO     | __main__:generate_messages:79 - Sent message to topic 'buzzline': I love Python!
2025-01-24 09:09:40.996 | INFO     | __main__:generate_messages:77 - Generated buzz: Kafka is awesome.
2025-01-24 09:09:41.004 | INFO     | __main__:generate_messages:79 - Sent message to topic 'buzzline': Kafka is awesome.
2025-01-24 09:09:42.009 | INFO     | __main__:generate_messages:77 - Generated buzz: Streaming data is fun.
2025-01-24 09:09:42.009 | INFO     | __main__:generate_messages:79 - Sent message to topic 'buzzline': Streaming data is fun.
2025-01-24 09:09:43.017 | INFO     | __main__:generate_messages:77 - Generated buzz: This is a buzz message.
2025-01-24 09:09:43.028 | INFO     | __main__:generate_messages:79 - Sent message to topic 'buzzline': This is a buzz message.
2025-01-24 09:09:44.033 | INFO     | __main__:generate_messages:77 - Generated buzz: Have a great day!
2025-01-24 09:09:44.033 | INFO     | __main__:generate_messages:79 - Sent message to topic 'buzzline': Have a great day!
2025-01-24 09:09:45.038 | INFO     | __main__:generate_messages:77 - Generated buzz: I love Python!
2025-01-24 09:09:45.038 | INFO     | __main__:generate_messages:79 - Sent message to topic 'buzzline': I love Python!
2025-01-24 09:09:46.041 | INFO     | __main__:generate_messages:77 - Generated buzz: Kafka is awesome.
2025-01-24 09:09:46.041 | INFO     | __main__:generate_messages:79 - Sent message to topic 'buzzline': Kafka is awesome.
2025-01-24 09:09:47.044 | INFO     | __main__:generate_messages:77 - Generated buzz: Streaming data is fun.
2025-01-24 09:09:47.045 | INFO     | __main__:generate_messages:79 - Sent message to topic 'buzzline': Streaming data is fun.
2025-01-24 09:09:48.047 | INFO     | __main__:generate_messages:77 - Generated buzz: This is a buzz message.
2025-01-24 09:09:48.047 | INFO     | __main__:generate_messages:79 - Sent message to topic 'buzzline': This is a buzz message.
2025-01-24 09:09:49.050 | INFO     | __main__:generate_messages:77 - Generated buzz: Have a great day!
2025-01-24 09:09:49.050 | INFO     | __main__:generate_messages:79 - Sent message to topic 'buzzline': Have a great day!
2025-01-24 09:09:50.052 | INFO     | __main__:generate_messages:77 - Generated buzz: I love Python!
2025-01-24 09:09:50.052 | INFO     | __main__:generate_messages:79 - Sent message to topic 'buzzline': I love Python!
2025-01-24 09:09:51.055 | INFO     | __main__:generate_messages:77 - Generated buzz: Kafka is awesome.
2025-01-24 09:09:51.055 | INFO     | __main__:generate_messages:79 - Sent message to topic 'buzzline': Kafka is awesome.
2025-01-24 09:09:52.058 | INFO     | __main__:generate_messages:77 - Generated buzz: Streaming data is fun.
2025-01-24 09:09:52.060 | INFO     | __main__:generate_messages:79 - Sent message to topic 'buzzline': Streaming data is fun.
2025-01-24 09:09:53.064 | INFO     | __main__:generate_messages:77 - Generated buzz: This is a buzz message.
2025-01-24 09:09:53.066 | INFO     | __main__:generate_messages:79 - Sent message to topic 'buzzline': This is a buzz message.
2025-01-24 09:09:54.068 | INFO     | __main__:generate_messages:77 - Generated buzz: Have a great day!
2025-01-24 09:09:54.071 | INFO     | __main__:generate_messages:79 - Sent message to topic 'buzzline': Have a great day!
2025-01-24 09:09:55.076 | INFO     | __main__:generate_messages:77 - Generated buzz: I love Python!
2025-01-24 09:09:55.076 | INFO     | __main__:generate_messages:79 - Sent message to topic 'buzzline': I love Python!
2025-01-24 09:09:56.079 | INFO     | __main__:generate_messages:77 - Generated buzz: Kafka is awesome.
2025-01-24 09:09:56.085 | INFO     | __main__:generate_messages:79 - Sent message to topic 'buzzline': Kafka is awesome.
2025-01-24 09:09:57.087 | INFO     | __main__:generate_messages:77 - Generated buzz: Streaming data is fun.
2025-01-24 09:09:57.087 | INFO     | __main__:generate_messages:79 - Sent message to topic 'buzzline': Streaming data is fun.
2025-01-24 09:09:58.090 | INFO     | __main__:generate_messages:77 - Generated buzz: This is a buzz message.
2025-01-24 09:09:58.091 | INFO     | __main__:generate_messages:79 - Sent message to topic 'buzzline': This is a buzz message.
2025-01-24 09:09:59.093 | INFO     | __main__:generate_messages:77 - Generated buzz: Have a great day!
2025-01-24 09:09:59.093 | INFO     | __main__:generate_messages:79 - Sent message to topic 'buzzline': Have a great day!
2025-01-24 09:10:00.096 | INFO     | __main__:generate_messages:77 - Generated buzz: I love Python!
2025-01-24 09:10:00.096 | INFO     | __main__:generate_messages:79 - Sent message to topic 'buzzline': I love Python!
2025-01-24 09:10:01.112 | INFO     | __main__:generate_messages:77 - Generated buzz: Kafka is awesome.
2025-01-24 09:10:01.122 | INFO     | __main__:generate_messages:79 - Sent message to topic 'buzzline': Kafka is awesome.
2025-01-24 09:10:02.124 | INFO     | __main__:generate_messages:77 - Generated buzz: Streaming data is fun.
2025-01-24 09:10:02.124 | INFO     | __main__:generate_messages:79 - Sent message to topic 'buzzline': Streaming data is fun.
2025-01-24 09:10:03.134 | INFO     | __main__:generate_messages:77 - Generated buzz: This is a buzz message.
2025-01-24 09:10:03.136 | INFO     | __main__:generate_messages:79 - Sent message to topic 'buzzline': This is a buzz message.
2025-01-24 09:10:04.141 | INFO     | __main__:generate_messages:77 - Generated buzz: Have a great day!
2025-01-24 09:10:04.143 | INFO     | __main__:generate_messages:79 - Sent message to topic 'buzzline': Have a great day!
2025-01-24 09:10:05.145 | INFO     | __main__:generate_messages:77 - Generated buzz: I love Python!
2025-01-24 09:10:05.145 | INFO     | __main__:generate_messages:79 - Sent message to topic 'buzzline': I love Python!
2025-01-24 09:10:06.155 | INFO     | __main__:generate_messages:77 - Generated buzz: Kafka is awesome.
2025-01-24 09:10:06.160 | INFO     | __main__:generate_messages:79 - Sent message to topic 'buzzline': Kafka is awesome.
2025-01-24 09:10:07.163 | INFO     | __main__:generate_messages:77 - Generated buzz: Streaming data is fun.
2025-01-24 09:10:07.163 | INFO     | __main__:generate_messages:79 - Sent message to topic 'buzzline': Streaming data is fun.
2025-01-24 09:10:08.195 | INFO     | __main__:generate_messages:77 - Generated buzz: This is a buzz message.
2025-01-24 09:10:08.205 | INFO     | __main__:generate_messages:79 - Sent message to topic 'buzzline': This is a buzz message.
2025-01-24 09:10:09.215 | INFO     | __main__:generate_messages:77 - Generated buzz: Have a great day!
2025-01-24 09:10:09.226 | INFO     | __main__:generate_messages:79 - Sent message to topic 'buzzline': Have a great day!
2025-01-24 09:10:10.228 | INFO     | __main__:generate_messages:77 - Generated buzz: I love Python!
2025-01-24 09:10:10.235 | INFO     | __main__:generate_messages:79 - Sent message to topic 'buzzline': I love Python!
2025-01-24 09:10:11.242 | INFO     | __main__:generate_messages:77 - Generated buzz: Kafka is awesome.
2025-01-24 09:10:11.243 | INFO     | __main__:generate_messages:79 - Sent message to topic 'buzzline': Kafka is awesome.
2025-01-24 09:10:12.246 | INFO     | __main__:generate_messages:77 - Generated buzz: Streaming data is fun.
2025-01-24 09:10:12.246 | INFO     | __main__:generate_messages:79 - Sent message to topic 'buzzline': Streaming data is fun.
2025-01-24 09:10:13.255 | INFO     | __main__:generate_messages:77 - Generated buzz: This is a buzz message.
2025-01-24 09:10:13.259 | INFO     | __main__:generate_messages:79 - Sent message to topic 'buzzline': This is a buzz message.
2025-01-24 09:10:14.265 | INFO     | __main__:generate_messages:77 - Generated buzz: Have a great day!
2025-01-24 09:10:14.267 | INFO     | __main__:generate_messages:79 - Sent message to topic 'buzzline': Have a great day!
2025-01-24 09:10:15.269 | INFO     | __main__:generate_messages:77 - Generated buzz: I love Python!
2025-01-24 09:10:15.272 | INFO     | __main__:generate_messages:79 - Sent message to topic 'buzzline': I love Python!
2025-01-24 09:10:16.284 | INFO     | __main__:generate_messages:77 - Generated buzz: Kafka is awesome.
2025-01-24 09:10:16.300 | INFO     | __main__:generate_messages:79 - Sent message to topic 'buzzline': Kafka is awesome.
2025-01-24 09:10:17.306 | INFO     | __main__:generate_messages:77 - Generated buzz: Streaming data is fun.
2025-01-24 09:10:17.309 | INFO     | __main__:generate_messages:79 - Sent message to topic 'buzzline': Streaming data is fun.
2025-01-24 09:10:18.312 | INFO     | __main__:generate_messages:77 - Generated buzz: This is a buzz message.
2025-01-24 09:10:18.312 | INFO     | __main__:generate_messages:79 - Sent message to topic 'buzzline': This is a buzz message.
2025-01-24 09:10:19.321 | INFO     | __main__:generate_messages:77 - Generated buzz: Have a great day!
2025-01-24 09:10:19.321 | INFO     | __main__:generate_messages:79 - Sent message to topic 'buzzline': Have a great day!
2025-01-24 09:10:20.329 | INFO     | __main__:generate_messages:77 - Generated buzz: I love Python!
2025-01-24 09:10:20.329 | INFO     | __main__:generate_messages:79 - Sent message to topic 'buzzline': I love Python!
2025-01-24 09:10:21.345 | INFO     | __main__:generate_messages:77 - Generated buzz: Kafka is awesome.
2025-01-24 09:10:21.345 | INFO     | __main__:generate_messages:79 - Sent message to topic 'buzzline': Kafka is awesome.
2025-01-24 09:10:22.368 | INFO     | __main__:generate_messages:77 - Generated buzz: Streaming data is fun.
2025-01-24 09:10:22.381 | INFO     | __main__:generate_messages:79 - Sent message to topic 'buzzline': Streaming data is fun.
2025-01-24 09:10:23.396 | INFO     | __main__:generate_messages:77 - Generated buzz: This is a buzz message.
2025-01-24 09:10:23.401 | INFO     | __main__:generate_messages:79 - Sent message to topic 'buzzline': This is a buzz message.
2025-01-24 09:10:24.408 | INFO     | __main__:generate_messages:77 - Generated buzz: Have a great day!
2025-01-24 09:10:24.416 | INFO     | __main__:generate_messages:79 - Sent message to topic 'buzzline': Have a great day!
2025-01-24 09:10:25.418 | INFO     | __main__:generate_messages:77 - Generated buzz: I love Python!
2025-01-24 09:10:25.430 | INFO     | __main__:generate_messages:79 - Sent message to topic 'buzzline': I love Python!
2025-01-24 09:10:26.432 | INFO     | __main__:generate_messages:77 - Generated buzz: Kafka is awesome.
2025-01-24 09:10:26.432 | INFO     | __main__:generate_messages:79 - Sent message to topic 'buzzline': Kafka is awesome.
2025-01-24 09:10:27.435 | INFO     | __main__:generate_messages:77 - Generated buzz: Streaming data is fun.
2025-01-24 09:10:27.438 | INFO     | __main__:generate_messages:79 - Sent message to topic 'buzzline': Streaming data is fun.
2025-01-24 09:10:28.439 | INFO     | __main__:generate_messages:77 - Generated buzz: This is a buzz message.
2025-01-24 09:10:28.439 | INFO     | __main__:generate_messages:79 - Sent message to topic 'buzzline': This is a buzz message.
2025-01-24 09:10:29.443 | INFO     | __main__:generate_messages:77 - Generated buzz: Have a great day!
2025-01-24 09:10:29.443 | INFO     | __main__:generate_messages:79 - Sent message to topic 'buzzline': Have a great day!
2025-01-24 09:10:30.448 | INFO     | __main__:generate_messages:77 - Generated buzz: I love Python!
2025-01-24 09:10:30.448 | INFO     | __main__:generate_messages:79 - Sent message to topic 'buzzline': I love Python!
2025-01-24 09:10:54.105 | INFO     | utils.utils_logger:<module>:38 - Logging to file: logs\project_log.log
2025-01-24 09:10:54.133 | INFO     | __main__:main:103 - START producer.
2025-01-24 09:10:54.133 | INFO     | utils.utils_producer:get_zookeeper_address:57 - Zookeeper address: localhost:2181
2025-01-24 09:10:54.221 | INFO     | utils.utils_producer:check_zookeeper_service_is_ready:79 - Zookeeper is ready at localhost:2181.
2025-01-24 09:10:54.221 | INFO     | utils.utils_producer:get_kafka_broker_address:50 - Kafka broker address: localhost:9092
2025-01-24 09:10:54.619 | INFO     | utils.utils_producer:check_kafka_service_is_ready:98 - Kafka is ready. Brokers: {'throttle_time_ms': 0, 'brokers': [{'node_id': 0, 'host': 'localhost', 'port': 9092, 'rack': None}], 'cluster_id': 'eHwf7guBTFKr4nChXUnGqA', 'controller_id': 0}
2025-01-24 09:10:54.619 | INFO     | __main__:get_kafka_topic:41 - Kafka topic: buzzline
2025-01-24 09:10:54.619 | INFO     | __main__:get_message_interval:48 - Message interval: 1 seconds
2025-01-24 09:10:54.619 | INFO     | utils.utils_producer:get_kafka_broker_address:50 - Kafka broker address: localhost:9092
2025-01-24 09:10:54.619 | INFO     | utils.utils_producer:create_kafka_producer:146 - Connecting to Kafka broker at localhost:9092...
2025-01-24 09:10:54.755 | INFO     | utils.utils_producer:create_kafka_producer:151 - Kafka producer successfully created.
2025-01-24 09:10:54.771 | INFO     | utils.utils_producer:get_kafka_broker_address:50 - Kafka broker address: localhost:9092
2025-01-24 09:10:55.132 | INFO     | utils.utils_producer:create_kafka_topic:172 - Topic 'buzzline' already exists. Clearing it out...
2025-01-24 09:10:55.132 | INFO     | utils.utils_producer:get_kafka_broker_address:50 - Kafka broker address: localhost:9092
2025-01-24 09:10:55.519 | ERROR    | utils.utils_producer:clear_kafka_topic:235 - Error managing retention for topic 'buzzline': list indices must be integers or slices, not ConfigResource
2025-01-24 09:10:55.529 | INFO     | __main__:main:119 - Kafka topic 'buzzline' is ready.
2025-01-24 09:10:55.529 | INFO     | __main__:main:125 - Starting message production to topic 'buzzline'...
2025-01-24 09:10:55.529 | INFO     | __main__:generate_messages:77 - Generated buzz: I love Python!
2025-01-24 09:10:55.529 | INFO     | __main__:generate_messages:79 - Sent message to topic 'buzzline': I love Python!
2025-01-24 09:10:56.536 | INFO     | __main__:generate_messages:77 - Generated buzz: Kafka is awesome.
2025-01-24 09:10:56.536 | INFO     | __main__:generate_messages:79 - Sent message to topic 'buzzline': Kafka is awesome.
2025-01-24 09:10:57.539 | INFO     | __main__:generate_messages:77 - Generated buzz: Streaming data is fun.
2025-01-24 09:10:57.541 | INFO     | __main__:generate_messages:79 - Sent message to topic 'buzzline': Streaming data is fun.
2025-01-24 09:10:58.546 | INFO     | __main__:generate_messages:77 - Generated buzz: This is a buzz message.
2025-01-24 09:10:58.546 | INFO     | __main__:generate_messages:79 - Sent message to topic 'buzzline': This is a buzz message.
2025-01-24 09:10:59.549 | INFO     | __main__:generate_messages:77 - Generated buzz: Have a great day!
2025-01-24 09:10:59.549 | INFO     | __main__:generate_messages:79 - Sent message to topic 'buzzline': Have a great day!
2025-01-24 09:11:00.551 | INFO     | __main__:generate_messages:77 - Generated buzz: I love Python!
2025-01-24 09:11:00.552 | INFO     | __main__:generate_messages:79 - Sent message to topic 'buzzline': I love Python!
2025-01-24 09:11:01.553 | INFO     | __main__:generate_messages:77 - Generated buzz: Kafka is awesome.
2025-01-24 09:11:01.554 | INFO     | __main__:generate_messages:79 - Sent message to topic 'buzzline': Kafka is awesome.
2025-01-24 09:11:02.556 | INFO     | __main__:generate_messages:77 - Generated buzz: Streaming data is fun.
2025-01-24 09:11:02.556 | INFO     | __main__:generate_messages:79 - Sent message to topic 'buzzline': Streaming data is fun.
2025-01-24 09:11:03.558 | INFO     | __main__:generate_messages:77 - Generated buzz: This is a buzz message.
2025-01-24 09:11:03.558 | INFO     | __main__:generate_messages:79 - Sent message to topic 'buzzline': This is a buzz message.
2025-01-24 09:11:04.562 | INFO     | __main__:generate_messages:77 - Generated buzz: Have a great day!
2025-01-24 09:11:04.562 | INFO     | __main__:generate_messages:79 - Sent message to topic 'buzzline': Have a great day!
2025-01-24 09:11:05.564 | INFO     | __main__:generate_messages:77 - Generated buzz: I love Python!
2025-01-24 09:11:05.565 | INFO     | __main__:generate_messages:79 - Sent message to topic 'buzzline': I love Python!
2025-01-24 09:11:06.567 | INFO     | __main__:generate_messages:77 - Generated buzz: Kafka is awesome.
2025-01-24 09:11:06.573 | INFO     | __main__:generate_messages:79 - Sent message to topic 'buzzline': Kafka is awesome.
2025-01-24 09:11:07.575 | INFO     | __main__:generate_messages:77 - Generated buzz: Streaming data is fun.
2025-01-24 09:11:07.576 | INFO     | __main__:generate_messages:79 - Sent message to topic 'buzzline': Streaming data is fun.
2025-01-24 09:11:08.578 | INFO     | __main__:generate_messages:77 - Generated buzz: This is a buzz message.
2025-01-24 09:11:08.578 | INFO     | __main__:generate_messages:79 - Sent message to topic 'buzzline': This is a buzz message.
2025-01-24 09:11:09.580 | INFO     | __main__:generate_messages:77 - Generated buzz: Have a great day!
2025-01-24 09:11:09.580 | INFO     | __main__:generate_messages:79 - Sent message to topic 'buzzline': Have a great day!
2025-01-24 09:11:10.582 | INFO     | __main__:generate_messages:77 - Generated buzz: I love Python!
2025-01-24 09:11:10.582 | INFO     | __main__:generate_messages:79 - Sent message to topic 'buzzline': I love Python!
2025-01-24 09:11:11.585 | INFO     | __main__:generate_messages:77 - Generated buzz: Kafka is awesome.
2025-01-24 09:11:11.585 | INFO     | __main__:generate_messages:79 - Sent message to topic 'buzzline': Kafka is awesome.
2025-01-24 09:11:12.587 | INFO     | __main__:generate_messages:77 - Generated buzz: Streaming data is fun.
2025-01-24 09:11:12.587 | INFO     | __main__:generate_messages:79 - Sent message to topic 'buzzline': Streaming data is fun.
2025-01-24 09:11:13.592 | INFO     | __main__:generate_messages:77 - Generated buzz: This is a buzz message.
2025-01-24 09:11:13.592 | INFO     | __main__:generate_messages:79 - Sent message to topic 'buzzline': This is a buzz message.
2025-01-24 09:11:14.599 | INFO     | __main__:generate_messages:77 - Generated buzz: Have a great day!
2025-01-24 09:11:14.599 | INFO     | __main__:generate_messages:79 - Sent message to topic 'buzzline': Have a great day!
2025-01-24 09:11:15.604 | INFO     | __main__:generate_messages:77 - Generated buzz: I love Python!
2025-01-24 09:11:15.609 | INFO     | __main__:generate_messages:79 - Sent message to topic 'buzzline': I love Python!
2025-01-24 09:11:16.612 | INFO     | __main__:generate_messages:77 - Generated buzz: Kafka is awesome.
2025-01-24 09:11:16.614 | INFO     | __main__:generate_messages:79 - Sent message to topic 'buzzline': Kafka is awesome.
2025-01-24 09:11:17.615 | INFO     | __main__:generate_messages:77 - Generated buzz: Streaming data is fun.
2025-01-24 09:11:17.615 | INFO     | __main__:generate_messages:79 - Sent message to topic 'buzzline': Streaming data is fun.
2025-01-24 09:11:18.621 | INFO     | __main__:generate_messages:77 - Generated buzz: This is a buzz message.
2025-01-24 09:11:18.622 | INFO     | __main__:generate_messages:79 - Sent message to topic 'buzzline': This is a buzz message.
2025-01-24 09:11:19.624 | INFO     | __main__:generate_messages:77 - Generated buzz: Have a great day!
2025-01-24 09:11:19.624 | INFO     | __main__:generate_messages:79 - Sent message to topic 'buzzline': Have a great day!
2025-01-24 09:11:20.627 | INFO     | __main__:generate_messages:77 - Generated buzz: I love Python!
2025-01-24 09:11:20.627 | INFO     | __main__:generate_messages:79 - Sent message to topic 'buzzline': I love Python!
2025-01-24 09:11:21.630 | INFO     | __main__:generate_messages:77 - Generated buzz: Kafka is awesome.
2025-01-24 09:11:21.633 | INFO     | __main__:generate_messages:79 - Sent message to topic 'buzzline': Kafka is awesome.
2025-01-24 09:11:22.636 | INFO     | __main__:generate_messages:77 - Generated buzz: Streaming data is fun.
2025-01-24 09:11:22.636 | INFO     | __main__:generate_messages:79 - Sent message to topic 'buzzline': Streaming data is fun.
2025-01-24 09:11:23.638 | INFO     | __main__:generate_messages:77 - Generated buzz: This is a buzz message.
2025-01-24 09:11:23.638 | INFO     | __main__:generate_messages:79 - Sent message to topic 'buzzline': This is a buzz message.
2025-01-24 09:11:24.641 | INFO     | __main__:generate_messages:77 - Generated buzz: Have a great day!
2025-01-24 09:11:24.641 | INFO     | __main__:generate_messages:79 - Sent message to topic 'buzzline': Have a great day!
2025-01-24 09:11:25.643 | INFO     | __main__:generate_messages:77 - Generated buzz: I love Python!
2025-01-24 09:11:25.644 | INFO     | __main__:generate_messages:79 - Sent message to topic 'buzzline': I love Python!
2025-01-24 09:11:26.646 | INFO     | __main__:generate_messages:77 - Generated buzz: Kafka is awesome.
2025-01-24 09:11:26.647 | INFO     | __main__:generate_messages:79 - Sent message to topic 'buzzline': Kafka is awesome.
2025-01-24 09:11:27.648 | INFO     | __main__:generate_messages:77 - Generated buzz: Streaming data is fun.
2025-01-24 09:11:27.649 | INFO     | __main__:generate_messages:79 - Sent message to topic 'buzzline': Streaming data is fun.
2025-01-24 09:11:28.651 | INFO     | __main__:generate_messages:77 - Generated buzz: This is a buzz message.
2025-01-24 09:11:28.651 | INFO     | __main__:generate_messages:79 - Sent message to topic 'buzzline': This is a buzz message.
2025-01-24 09:11:29.666 | INFO     | __main__:generate_messages:77 - Generated buzz: Have a great day!
2025-01-24 09:11:29.671 | INFO     | __main__:generate_messages:79 - Sent message to topic 'buzzline': Have a great day!
2025-01-24 09:11:30.680 | INFO     | __main__:generate_messages:77 - Generated buzz: I love Python!
2025-01-24 09:11:30.681 | INFO     | __main__:generate_messages:79 - Sent message to topic 'buzzline': I love Python!
2025-01-24 09:11:31.683 | INFO     | __main__:generate_messages:77 - Generated buzz: Kafka is awesome.
2025-01-24 09:11:31.683 | INFO     | __main__:generate_messages:79 - Sent message to topic 'buzzline': Kafka is awesome.
2025-01-24 09:11:32.687 | INFO     | __main__:generate_messages:77 - Generated buzz: Streaming data is fun.
2025-01-24 09:11:32.687 | INFO     | __main__:generate_messages:79 - Sent message to topic 'buzzline': Streaming data is fun.
2025-01-24 09:11:33.689 | INFO     | __main__:generate_messages:77 - Generated buzz: This is a buzz message.
2025-01-24 09:11:33.689 | INFO     | __main__:generate_messages:79 - Sent message to topic 'buzzline': This is a buzz message.
2025-01-24 09:11:34.692 | INFO     | __main__:generate_messages:77 - Generated buzz: Have a great day!
2025-01-24 09:11:34.693 | INFO     | __main__:generate_messages:79 - Sent message to topic 'buzzline': Have a great day!
2025-01-24 09:11:35.695 | INFO     | __main__:generate_messages:77 - Generated buzz: I love Python!
2025-01-24 09:11:35.695 | INFO     | __main__:generate_messages:79 - Sent message to topic 'buzzline': I love Python!
2025-01-24 09:11:36.699 | INFO     | __main__:generate_messages:77 - Generated buzz: Kafka is awesome.
2025-01-24 09:11:36.699 | INFO     | __main__:generate_messages:79 - Sent message to topic 'buzzline': Kafka is awesome.
2025-01-24 09:11:37.701 | INFO     | __main__:generate_messages:77 - Generated buzz: Streaming data is fun.
2025-01-24 09:11:37.701 | INFO     | __main__:generate_messages:79 - Sent message to topic 'buzzline': Streaming data is fun.
2025-01-24 09:11:38.704 | INFO     | __main__:generate_messages:77 - Generated buzz: This is a buzz message.
2025-01-24 09:11:38.704 | INFO     | __main__:generate_messages:79 - Sent message to topic 'buzzline': This is a buzz message.
2025-01-24 09:11:39.707 | INFO     | __main__:generate_messages:77 - Generated buzz: Have a great day!
2025-01-24 09:11:39.707 | INFO     | __main__:generate_messages:79 - Sent message to topic 'buzzline': Have a great day!
2025-01-24 09:11:40.709 | INFO     | __main__:generate_messages:77 - Generated buzz: I love Python!
2025-01-24 09:11:40.709 | INFO     | __main__:generate_messages:79 - Sent message to topic 'buzzline': I love Python!
2025-01-24 09:11:41.712 | INFO     | __main__:generate_messages:77 - Generated buzz: Kafka is awesome.
2025-01-24 09:11:41.714 | INFO     | __main__:generate_messages:79 - Sent message to topic 'buzzline': Kafka is awesome.
2025-01-24 09:11:42.718 | INFO     | __main__:generate_messages:77 - Generated buzz: Streaming data is fun.
2025-01-24 09:11:42.718 | INFO     | __main__:generate_messages:79 - Sent message to topic 'buzzline': Streaming data is fun.
2025-01-24 09:11:43.725 | INFO     | __main__:generate_messages:77 - Generated buzz: This is a buzz message.
2025-01-24 09:11:43.731 | INFO     | __main__:generate_messages:79 - Sent message to topic 'buzzline': This is a buzz message.
2025-01-24 09:11:44.756 | INFO     | __main__:generate_messages:77 - Generated buzz: Have a great day!
2025-01-24 09:11:44.756 | INFO     | __main__:generate_messages:79 - Sent message to topic 'buzzline': Have a great day!
2025-01-24 09:11:45.762 | INFO     | __main__:generate_messages:77 - Generated buzz: I love Python!
2025-01-24 09:11:45.766 | INFO     | __main__:generate_messages:79 - Sent message to topic 'buzzline': I love Python!
2025-01-24 09:11:46.768 | INFO     | __main__:generate_messages:77 - Generated buzz: Kafka is awesome.
2025-01-24 09:11:46.768 | INFO     | __main__:generate_messages:79 - Sent message to topic 'buzzline': Kafka is awesome.
2025-01-24 09:11:47.770 | INFO     | __main__:generate_messages:77 - Generated buzz: Streaming data is fun.
2025-01-24 09:11:47.770 | INFO     | __main__:generate_messages:79 - Sent message to topic 'buzzline': Streaming data is fun.
2025-01-24 09:11:48.772 | INFO     | __main__:generate_messages:77 - Generated buzz: This is a buzz message.
2025-01-24 09:11:48.773 | INFO     | __main__:generate_messages:79 - Sent message to topic 'buzzline': This is a buzz message.
2025-01-24 09:11:49.774 | INFO     | __main__:generate_messages:77 - Generated buzz: Have a great day!
2025-01-24 09:11:49.775 | INFO     | __main__:generate_messages:79 - Sent message to topic 'buzzline': Have a great day!
2025-01-24 09:11:50.777 | INFO     | __main__:generate_messages:77 - Generated buzz: I love Python!
2025-01-24 09:11:50.777 | INFO     | __main__:generate_messages:79 - Sent message to topic 'buzzline': I love Python!
2025-01-24 09:11:51.782 | INFO     | __main__:generate_messages:77 - Generated buzz: Kafka is awesome.
2025-01-24 09:11:51.782 | INFO     | __main__:generate_messages:79 - Sent message to topic 'buzzline': Kafka is awesome.
2025-01-24 09:11:52.786 | INFO     | __main__:generate_messages:77 - Generated buzz: Streaming data is fun.
2025-01-24 09:11:52.787 | INFO     | __main__:generate_messages:79 - Sent message to topic 'buzzline': Streaming data is fun.
2025-01-24 09:11:53.788 | INFO     | __main__:generate_messages:77 - Generated buzz: This is a buzz message.
2025-01-24 09:11:53.788 | INFO     | __main__:generate_messages:79 - Sent message to topic 'buzzline': This is a buzz message.
2025-01-24 09:11:54.790 | INFO     | __main__:generate_messages:77 - Generated buzz: Have a great day!
2025-01-24 09:11:54.790 | INFO     | __main__:generate_messages:79 - Sent message to topic 'buzzline': Have a great day!
2025-01-24 09:11:55.794 | INFO     | __main__:generate_messages:77 - Generated buzz: I love Python!
2025-01-24 09:11:55.794 | INFO     | __main__:generate_messages:79 - Sent message to topic 'buzzline': I love Python!
2025-01-24 09:11:56.797 | INFO     | __main__:generate_messages:77 - Generated buzz: Kafka is awesome.
2025-01-24 09:11:56.798 | INFO     | __main__:generate_messages:79 - Sent message to topic 'buzzline': Kafka is awesome.
2025-01-24 09:11:57.799 | INFO     | __main__:generate_messages:77 - Generated buzz: Streaming data is fun.
2025-01-24 09:11:57.799 | INFO     | __main__:generate_messages:79 - Sent message to topic 'buzzline': Streaming data is fun.
2025-01-24 09:11:58.803 | INFO     | __main__:generate_messages:77 - Generated buzz: This is a buzz message.
2025-01-24 09:11:58.803 | INFO     | __main__:generate_messages:79 - Sent message to topic 'buzzline': This is a buzz message.
2025-01-24 09:11:59.805 | INFO     | __main__:generate_messages:77 - Generated buzz: Have a great day!
2025-01-24 09:11:59.805 | INFO     | __main__:generate_messages:79 - Sent message to topic 'buzzline': Have a great day!
2025-01-24 09:12:00.807 | INFO     | __main__:generate_messages:77 - Generated buzz: I love Python!
2025-01-24 09:12:00.807 | INFO     | __main__:generate_messages:79 - Sent message to topic 'buzzline': I love Python!
2025-01-24 09:12:01.810 | INFO     | __main__:generate_messages:77 - Generated buzz: Kafka is awesome.
2025-01-24 09:12:01.811 | INFO     | __main__:generate_messages:79 - Sent message to topic 'buzzline': Kafka is awesome.
2025-01-24 09:12:02.813 | INFO     | __main__:generate_messages:77 - Generated buzz: Streaming data is fun.
2025-01-24 09:12:02.815 | INFO     | __main__:generate_messages:79 - Sent message to topic 'buzzline': Streaming data is fun.
2025-01-24 09:12:03.816 | INFO     | __main__:generate_messages:77 - Generated buzz: This is a buzz message.
2025-01-24 09:12:03.820 | INFO     | __main__:generate_messages:79 - Sent message to topic 'buzzline': This is a buzz message.
2025-01-24 09:12:04.822 | INFO     | __main__:generate_messages:77 - Generated buzz: Have a great day!
2025-01-24 09:12:04.822 | INFO     | __main__:generate_messages:79 - Sent message to topic 'buzzline': Have a great day!
2025-01-24 09:12:05.825 | INFO     | __main__:generate_messages:77 - Generated buzz: I love Python!
2025-01-24 09:12:05.825 | INFO     | __main__:generate_messages:79 - Sent message to topic 'buzzline': I love Python!
2025-01-24 09:12:06.829 | INFO     | __main__:generate_messages:77 - Generated buzz: Kafka is awesome.
2025-01-24 09:12:06.829 | INFO     | __main__:generate_messages:79 - Sent message to topic 'buzzline': Kafka is awesome.
2025-01-24 09:12:07.832 | INFO     | __main__:generate_messages:77 - Generated buzz: Streaming data is fun.
2025-01-24 09:12:07.832 | INFO     | __main__:generate_messages:79 - Sent message to topic 'buzzline': Streaming data is fun.
2025-01-24 09:12:08.835 | INFO     | __main__:generate_messages:77 - Generated buzz: This is a buzz message.
2025-01-24 09:12:08.835 | INFO     | __main__:generate_messages:79 - Sent message to topic 'buzzline': This is a buzz message.
2025-01-24 09:12:09.837 | INFO     | __main__:generate_messages:77 - Generated buzz: Have a great day!
2025-01-24 09:12:09.838 | INFO     | __main__:generate_messages:79 - Sent message to topic 'buzzline': Have a great day!
2025-01-24 09:12:10.840 | INFO     | __main__:generate_messages:77 - Generated buzz: I love Python!
2025-01-24 09:12:10.840 | INFO     | __main__:generate_messages:79 - Sent message to topic 'buzzline': I love Python!
2025-01-24 09:12:11.842 | INFO     | __main__:generate_messages:77 - Generated buzz: Kafka is awesome.
2025-01-24 09:12:11.843 | INFO     | __main__:generate_messages:79 - Sent message to topic 'buzzline': Kafka is awesome.
2025-01-24 09:12:12.845 | INFO     | __main__:generate_messages:77 - Generated buzz: Streaming data is fun.
2025-01-24 09:12:12.845 | INFO     | __main__:generate_messages:79 - Sent message to topic 'buzzline': Streaming data is fun.
2025-01-24 09:12:13.850 | INFO     | __main__:generate_messages:77 - Generated buzz: This is a buzz message.
2025-01-24 09:12:13.850 | INFO     | __main__:generate_messages:79 - Sent message to topic 'buzzline': This is a buzz message.
2025-01-24 09:12:14.858 | INFO     | __main__:generate_messages:77 - Generated buzz: Have a great day!
2025-01-24 09:12:14.858 | INFO     | __main__:generate_messages:79 - Sent message to topic 'buzzline': Have a great day!
2025-01-24 09:12:15.860 | INFO     | __main__:generate_messages:77 - Generated buzz: I love Python!
2025-01-24 09:12:15.861 | INFO     | __main__:generate_messages:79 - Sent message to topic 'buzzline': I love Python!
2025-01-24 09:12:16.863 | INFO     | __main__:generate_messages:77 - Generated buzz: Kafka is awesome.
2025-01-24 09:12:16.863 | INFO     | __main__:generate_messages:79 - Sent message to topic 'buzzline': Kafka is awesome.
2025-01-24 09:12:17.865 | INFO     | __main__:generate_messages:77 - Generated buzz: Streaming data is fun.
2025-01-24 09:12:17.865 | INFO     | __main__:generate_messages:79 - Sent message to topic 'buzzline': Streaming data is fun.
2025-01-24 09:12:18.868 | INFO     | __main__:generate_messages:77 - Generated buzz: This is a buzz message.
2025-01-24 09:12:18.872 | INFO     | __main__:generate_messages:79 - Sent message to topic 'buzzline': This is a buzz message.
2025-01-24 09:12:19.874 | INFO     | __main__:generate_messages:77 - Generated buzz: Have a great day!
2025-01-24 09:12:19.875 | INFO     | __main__:generate_messages:79 - Sent message to topic 'buzzline': Have a great day!
2025-01-24 09:12:20.877 | INFO     | __main__:generate_messages:77 - Generated buzz: I love Python!
2025-01-24 09:12:20.878 | INFO     | __main__:generate_messages:79 - Sent message to topic 'buzzline': I love Python!
2025-01-24 09:12:21.879 | INFO     | __main__:generate_messages:77 - Generated buzz: Kafka is awesome.
2025-01-24 09:12:21.879 | INFO     | __main__:generate_messages:79 - Sent message to topic 'buzzline': Kafka is awesome.
2025-01-24 09:12:22.883 | INFO     | __main__:generate_messages:77 - Generated buzz: Streaming data is fun.
2025-01-24 09:12:22.883 | INFO     | __main__:generate_messages:79 - Sent message to topic 'buzzline': Streaming data is fun.
2025-01-24 09:12:23.886 | INFO     | __main__:generate_messages:77 - Generated buzz: This is a buzz message.
2025-01-24 09:12:23.886 | INFO     | __main__:generate_messages:79 - Sent message to topic 'buzzline': This is a buzz message.
2025-01-24 09:12:24.889 | INFO     | __main__:generate_messages:77 - Generated buzz: Have a great day!
2025-01-24 09:12:24.889 | INFO     | __main__:generate_messages:79 - Sent message to topic 'buzzline': Have a great day!
2025-01-24 09:12:25.896 | INFO     | __main__:generate_messages:77 - Generated buzz: I love Python!
2025-01-24 09:12:25.905 | INFO     | __main__:generate_messages:79 - Sent message to topic 'buzzline': I love Python!
2025-01-24 09:12:26.911 | INFO     | __main__:generate_messages:77 - Generated buzz: Kafka is awesome.
2025-01-24 09:12:26.911 | INFO     | __main__:generate_messages:79 - Sent message to topic 'buzzline': Kafka is awesome.
2025-01-24 09:12:27.918 | INFO     | __main__:generate_messages:77 - Generated buzz: Streaming data is fun.
2025-01-24 09:12:27.918 | INFO     | __main__:generate_messages:79 - Sent message to topic 'buzzline': Streaming data is fun.
2025-01-24 09:12:28.743 | INFO     | utils.utils_logger:<module>:38 - Logging to file: logs\project_log.log
2025-01-24 09:12:28.759 | INFO     | __main__:main:78 - START consumer.
2025-01-24 09:12:28.759 | INFO     | __main__:get_kafka_topic:35 - Kafka topic: buzzline
2025-01-24 09:12:28.759 | INFO     | __main__:get_kafka_consumer_group_id:42 - Kafka consumer group id: default_group
2025-01-24 09:12:28.759 | INFO     | __main__:main:83 - Consumer: Topic 'buzzline' and group 'default_group'...
2025-01-24 09:12:28.759 | INFO     | utils.utils_producer:get_kafka_broker_address:50 - Kafka broker address: localhost:9092
2025-01-24 09:12:28.759 | INFO     | utils.utils_consumer:create_kafka_consumer:44 - Creating Kafka consumer. Topic='buzzline' and group ID='default_group'.
2025-01-24 09:12:28.921 | INFO     | __main__:generate_messages:77 - Generated buzz: This is a buzz message.
2025-01-24 09:12:28.921 | INFO     | __main__:generate_messages:79 - Sent message to topic 'buzzline': This is a buzz message.
2025-01-24 09:12:28.923 | INFO     | utils.utils_consumer:create_kafka_consumer:57 - Kafka consumer created successfully.
2025-01-24 09:12:28.923 | INFO     | __main__:main:89 - Polling messages from topic 'buzzline'...
2025-01-24 09:12:28.938 | ERROR    | __main__:main:98 - Error while consuming messages: Invalid file descriptor: -1
2025-01-24 09:12:28.940 | INFO     | __main__:main:101 - Kafka consumer for topic 'buzzline' closed.
2025-01-24 09:12:28.941 | INFO     | __main__:main:103 - END consumer for topic 'buzzline' and group 'default_group'.
2025-01-24 09:12:29.923 | INFO     | __main__:generate_messages:77 - Generated buzz: Have a great day!
2025-01-24 09:12:29.923 | INFO     | __main__:generate_messages:79 - Sent message to topic 'buzzline': Have a great day!
2025-01-24 09:12:30.926 | INFO     | __main__:generate_messages:77 - Generated buzz: I love Python!
2025-01-24 09:12:30.926 | INFO     | __main__:generate_messages:79 - Sent message to topic 'buzzline': I love Python!
2025-01-24 09:12:31.933 | INFO     | __main__:generate_messages:77 - Generated buzz: Kafka is awesome.
2025-01-24 09:12:31.933 | INFO     | __main__:generate_messages:79 - Sent message to topic 'buzzline': Kafka is awesome.
2025-01-24 09:12:32.937 | INFO     | __main__:generate_messages:77 - Generated buzz: Streaming data is fun.
2025-01-24 09:12:32.937 | INFO     | __main__:generate_messages:79 - Sent message to topic 'buzzline': Streaming data is fun.
2025-01-24 09:12:33.941 | INFO     | __main__:generate_messages:77 - Generated buzz: This is a buzz message.
2025-01-24 09:12:33.941 | INFO     | __main__:generate_messages:79 - Sent message to topic 'buzzline': This is a buzz message.
2025-01-24 09:12:34.945 | INFO     | __main__:generate_messages:77 - Generated buzz: Have a great day!
2025-01-24 09:12:34.945 | INFO     | __main__:generate_messages:79 - Sent message to topic 'buzzline': Have a great day!
2025-01-24 09:12:35.947 | INFO     | __main__:generate_messages:77 - Generated buzz: I love Python!
2025-01-24 09:12:35.949 | INFO     | __main__:generate_messages:79 - Sent message to topic 'buzzline': I love Python!
2025-01-24 09:12:36.950 | INFO     | __main__:generate_messages:77 - Generated buzz: Kafka is awesome.
2025-01-24 09:12:36.951 | INFO     | __main__:generate_messages:79 - Sent message to topic 'buzzline': Kafka is awesome.
2025-01-24 09:12:37.954 | INFO     | __main__:generate_messages:77 - Generated buzz: Streaming data is fun.
2025-01-24 09:12:37.954 | INFO     | __main__:generate_messages:79 - Sent message to topic 'buzzline': Streaming data is fun.
2025-01-24 09:12:38.961 | INFO     | __main__:generate_messages:77 - Generated buzz: This is a buzz message.
2025-01-24 09:12:38.963 | INFO     | __main__:generate_messages:79 - Sent message to topic 'buzzline': This is a buzz message.
2025-01-24 09:12:39.965 | INFO     | __main__:generate_messages:77 - Generated buzz: Have a great day!
2025-01-24 09:12:39.967 | INFO     | __main__:generate_messages:79 - Sent message to topic 'buzzline': Have a great day!
2025-01-24 09:12:40.970 | INFO     | __main__:generate_messages:77 - Generated buzz: I love Python!
2025-01-24 09:12:40.972 | INFO     | __main__:generate_messages:79 - Sent message to topic 'buzzline': I love Python!
2025-01-24 09:12:41.982 | INFO     | __main__:generate_messages:77 - Generated buzz: Kafka is awesome.
2025-01-24 09:12:41.988 | INFO     | __main__:generate_messages:79 - Sent message to topic 'buzzline': Kafka is awesome.
2025-01-24 09:12:42.994 | INFO     | __main__:generate_messages:77 - Generated buzz: Streaming data is fun.
2025-01-24 09:12:42.997 | INFO     | __main__:generate_messages:79 - Sent message to topic 'buzzline': Streaming data is fun.
2025-01-24 09:12:43.999 | INFO     | __main__:generate_messages:77 - Generated buzz: This is a buzz message.
2025-01-24 09:12:43.999 | INFO     | __main__:generate_messages:79 - Sent message to topic 'buzzline': This is a buzz message.
2025-01-24 09:12:45.004 | INFO     | __main__:generate_messages:77 - Generated buzz: Have a great day!
2025-01-24 09:12:45.004 | INFO     | __main__:generate_messages:79 - Sent message to topic 'buzzline': Have a great day!
2025-01-24 09:12:46.007 | INFO     | __main__:generate_messages:77 - Generated buzz: I love Python!
2025-01-24 09:12:46.007 | INFO     | __main__:generate_messages:79 - Sent message to topic 'buzzline': I love Python!
2025-01-24 09:12:47.013 | INFO     | __main__:generate_messages:77 - Generated buzz: Kafka is awesome.
2025-01-24 09:12:47.013 | INFO     | __main__:generate_messages:79 - Sent message to topic 'buzzline': Kafka is awesome.
2025-01-24 09:12:48.017 | INFO     | __main__:generate_messages:77 - Generated buzz: Streaming data is fun.
2025-01-24 09:12:48.017 | INFO     | __main__:generate_messages:79 - Sent message to topic 'buzzline': Streaming data is fun.
2025-01-24 09:12:49.020 | INFO     | __main__:generate_messages:77 - Generated buzz: This is a buzz message.
2025-01-24 09:12:49.020 | INFO     | __main__:generate_messages:79 - Sent message to topic 'buzzline': This is a buzz message.
2025-01-24 09:12:50.023 | INFO     | __main__:generate_messages:77 - Generated buzz: Have a great day!
2025-01-24 09:12:50.023 | INFO     | __main__:generate_messages:79 - Sent message to topic 'buzzline': Have a great day!
2025-01-24 09:12:51.026 | INFO     | __main__:generate_messages:77 - Generated buzz: I love Python!
2025-01-24 09:12:51.026 | INFO     | __main__:generate_messages:79 - Sent message to topic 'buzzline': I love Python!
2025-01-24 09:12:52.028 | INFO     | __main__:generate_messages:77 - Generated buzz: Kafka is awesome.
2025-01-24 09:12:52.028 | INFO     | __main__:generate_messages:79 - Sent message to topic 'buzzline': Kafka is awesome.
